{"numTotalTestSuites":22,"numPassedTestSuites":22,"numFailedTestSuites":0,"numPendingTestSuites":0,"numTotalTests":64,"numPassedTests":64,"numFailedTests":0,"numPendingTests":0,"numTodoTests":0,"snapshot":{"added":0,"failure":false,"filesAdded":0,"filesRemoved":0,"filesRemovedList":[],"filesUnmatched":0,"filesUpdated":0,"matched":0,"total":0,"unchecked":0,"uncheckedKeysByFile":[],"unmatched":0,"updated":0,"didUpdate":false},"startTime":1780324989514,"success":true,"testResults":[{"assertionResults":[{"ancestorTitles":["GlobalSearchIdleState Rendering"],"fullName":"GlobalSearchIdleState Rendering renders thumbnails for popular products","status":"passed","title":"renders thumbnails for popular products","duration":113.27181699999983,"failureMessages":[],"meta":{}},{"ancestorTitles":["GlobalSearchIdleState Rendering"],"fullName":"GlobalSearchIdleState Rendering renders TOP 1 badge for the first item","status":"passed","title":"renders TOP 1 badge for the first item","duration":28.38960599999973,"failureMessages":[],"meta":{}},{"ancestorTitles":["GlobalSearchIdleState Rendering"],"fullName":"GlobalSearchIdleState Rendering renders RankBadge when image is missing","status":"passed","title":"renders RankBadge when image is missing","duration":23.23515999999927,"failureMessages":[],"meta":{}}],"startTime":1780324995172,"endTime":1780324995337.235,"status":"passed","message":"","name":"/dev-server/src/components/search/__tests__/GlobalSearchIdleState.test.tsx"},{"assertionResults":[{"ancestorTitles":["GlobalSearchPalette Shortcuts"],"fullName":"GlobalSearchPalette Shortcuts triggers handleSelect when pressing 1","status":"passed","title":"triggers handleSelect when pressing 1","duration":287.35232299999916,"failureMessages":[],"meta":{}},{"ancestorTitles":["GlobalSearchPalette Shortcuts"],"fullName":"GlobalSearchPalette Shortcuts triggers handleSelect when pressing 2","status":"passed","title":"triggers handleSelect when pressing 2","duration":83.796472,"failureMessages":[],"meta":{}}],"startTime":1780324997132,"endTime":1780324997503.7964,"status":"passed","message":"","name":"/dev-server/src/components/search/__tests__/GlobalSearchPaletteShortcuts.test.tsx"},{"assertionResults":[{"ancestorTitles":["GlobalSearchPalette Tooltip Static Check"],"fullName":"GlobalSearchPalette Tooltip Static Check contains the correct tooltip text \"Fale com o Flow\"","status":"passed","title":"contains the correct tooltip text \"Fale com o Flow\"","duration":251.31411599999956,"failureMessages":[],"meta":{}}],"startTime":1780324997500,"endTime":1780324997751.3142,"status":"passed","message":"","name":"/dev-server/src/components/search/__tests__/GlobalSearchPaletteTooltip.test.tsx"},{"assertionResults":[{"ancestorTitles":["HighlightMatch"],"fullName":"HighlightMatch renders plain text when query is empty","status":"passed","title":"renders plain text when query is empty","duration":32.728477999999996,"failureMessages":[],"meta":{}},{"ancestorTitles":["HighlightMatch"],"fullName":"HighlightMatch renders plain text when query has only 1 character","status":"passed","title":"renders plain text when query has only 1 character","duration":3.519162999999935,"failureMessages":[],"meta":{}},{"ancestorTitles":["HighlightMatch"],"fullName":"HighlightMatch renders plain text when all query words are shorter than 2 chars","status":"passed","title":"renders plain text when all query words are shorter than 2 chars","duration":3.786004000000048,"failureMessages":[],"meta":{}},{"ancestorTitles":["HighlightMatch"],"fullName":"HighlightMatch highlights an exact match","status":"passed","title":"highlights an exact match","duration":5.495032999999694,"failureMessages":[],"meta":{}},{"ancestorTitles":["HighlightMatch"],"fullName":"HighlightMatch highlights a case-insensitive match","status":"passed","title":"highlights a case-insensitive match","duration":5.608869000000141,"failureMessages":[],"meta":{}},{"ancestorTitles":["HighlightMatch"],"fullName":"HighlightMatch highlights accented text when query uses unaccented letters","status":"passed","title":"highlights accented text when query uses unaccented letters","duration":3.8323669999999765,"failureMessages":[],"meta":{}},{"ancestorTitles":["HighlightMatch"],"fullName":"HighlightMatch highlights unaccented text when query uses accented letters","status":"passed","title":"highlights unaccented text when query uses accented letters","duration":3.12637900000027,"failureMessages":[],"meta":{}},{"ancestorTitles":["HighlightMatch"],"fullName":"HighlightMatch highlights ALL occurrences of a word in the string (regression BUG-GS-01)","status":"passed","title":"highlights ALL occurrences of a word in the string (regression BUG-GS-01)","duration":3.0595900000002985,"failureMessages":[],"meta":{}},{"ancestorTitles":["HighlightMatch"],"fullName":"HighlightMatch does not skip every other match (alternating lastIndex bug)","status":"passed","title":"does not skip every other match (alternating lastIndex bug)","duration":5.2426439999999275,"failureMessages":[],"meta":{}},{"ancestorTitles":["HighlightMatch"],"fullName":"HighlightMatch highlights each word of a multi-word query independently","status":"passed","title":"highlights each word of a multi-word query independently","duration":2.832777999999962,"failureMessages":[],"meta":{}},{"ancestorTitles":["HighlightMatch"],"fullName":"HighlightMatch renders plain text when there is no match","status":"passed","title":"renders plain text when there is no match","duration":1.77064799999971,"failureMessages":[],"meta":{}},{"ancestorTitles":["HighlightMatch"],"fullName":"HighlightMatch applies custom highlightClassName to <mark> elements","status":"passed","title":"applies custom highlightClassName to <mark> elements","duration":3.0367339999997967,"failureMessages":[],"meta":{}}],"startTime":1780324992158,"endTime":1780324992233.0366,"status":"passed","message":"","name":"/dev-server/src/components/search/__tests__/HighlightMatch.test.tsx"},{"assertionResults":[{"ancestorTitles":["searchCache.set / searchCache.get"],"fullName":"searchCache.set / searchCache.get returns null for an unknown key","status":"passed","title":"returns null for an unknown key","duration":2.2148120000001654,"failureMessages":[],"meta":{}},{"ancestorTitles":["searchCache.set / searchCache.get"],"fullName":"searchCache.set / searchCache.get returns results immediately after set","status":"passed","title":"returns results immediately after set","duration":1.2172499999996944,"failureMessages":[],"meta":{}},{"ancestorTitles":["searchCache.set / searchCache.get"],"fullName":"searchCache.set / searchCache.get is case-insensitive (normalized key)","status":"passed","title":"is case-insensitive (normalized key)","duration":0.24691700000039418,"failureMessages":[],"meta":{}},{"ancestorTitles":["searchCache.set / searchCache.get"],"fullName":"searchCache.set / searchCache.get trims leading/trailing whitespace in key","status":"passed","title":"trims leading/trailing whitespace in key","duration":0.20878300000003946,"failureMessages":[],"meta":{}},{"ancestorTitles":["searchCache.set / searchCache.get"],"fullName":"searchCache.set / searchCache.get collapses multiple spaces in key","status":"passed","title":"collapses multiple spaces in key","duration":0.23769399999946472,"failureMessages":[],"meta":{}},{"ancestorTitles":["searchCache.set / searchCache.get"],"fullName":"searchCache.set / searchCache.get returns null for an empty key","status":"passed","title":"returns null for an empty key","duration":0.14248399999996764,"failureMessages":[],"meta":{}},{"ancestorTitles":["searchCache.set / searchCache.get"],"fullName":"searchCache.set / searchCache.get overwrites an existing entry for the same key","status":"passed","title":"overwrites an existing entry for the same key","duration":0.22205599999961123,"failureMessages":[],"meta":{}},{"ancestorTitles":["searchCache TTL"],"fullName":"searchCache TTL returns null after TTL (60 s) has elapsed","status":"passed","title":"returns null after TTL (60 s) has elapsed","duration":1.9093609999999899,"failureMessages":[],"meta":{}},{"ancestorTitles":["searchCache TTL"],"fullName":"searchCache TTL removes expired entry from the store when fetched","status":"passed","title":"removes expired entry from the store when fetched","duration":1.0058480000006966,"failureMessages":[],"meta":{}},{"ancestorTitles":["searchCache LRU eviction"],"fullName":"searchCache LRU eviction maintains size within MAX_ENTRIES (50)","status":"passed","title":"maintains size within MAX_ENTRIES (50)","duration":0.3160199999992983,"failureMessages":[],"meta":{}},{"ancestorTitles":["searchCache LRU eviction"],"fullName":"searchCache LRU eviction evicts the oldest entry when capacity is exceeded","status":"passed","title":"evicts the oldest entry when capacity is exceeded","duration":0.4495440000000599,"failureMessages":[],"meta":{}},{"ancestorTitles":["searchCache.clear — BUG-GS-06 regression"],"fullName":"searchCache.clear — BUG-GS-06 regression removes all entries","status":"passed","title":"removes all entries","duration":0.160186000000067,"failureMessages":[],"meta":{}},{"ancestorTitles":["searchCache.clear — BUG-GS-06 regression"],"fullName":"searchCache.clear — BUG-GS-06 regression returns null for any key after clear","status":"passed","title":"returns null for any key after clear","duration":0.08631400000012945,"failureMessages":[],"meta":{}},{"ancestorTitles":["searchCache.clear — BUG-GS-06 regression"],"fullName":"searchCache.clear — BUG-GS-06 regression allows new entries to be set after clear","status":"passed","title":"allows new entries to be set after clear","duration":0.09311699999943812,"failureMessages":[],"meta":{}}],"startTime":1780324994277,"endTime":1780324994286.1602,"status":"passed","message":"","name":"/dev-server/src/components/search/__tests__/searchCache.test.ts"},{"assertionResults":[{"ancestorTitles":["GlobalSearchPalette search-state conditions (BUG-GS-02 regression)","empty query (length 0)"],"fullName":"GlobalSearchPalette search-state conditions (BUG-GS-02 regression) empty query (length 0) shows idle state","status":"passed","title":"shows idle state","duration":1.5731270000001132,"failureMessages":[],"meta":{}},{"ancestorTitles":["GlobalSearchPalette search-state conditions (BUG-GS-02 regression)","empty query (length 0)"],"fullName":"GlobalSearchPalette search-state conditions (BUG-GS-02 regression) empty query (length 0) does NOT show short-query hint","status":"passed","title":"does NOT show short-query hint","duration":0.26453200000014476,"failureMessages":[],"meta":{}},{"ancestorTitles":["GlobalSearchPalette search-state conditions (BUG-GS-02 regression)","empty query (length 0)"],"fullName":"GlobalSearchPalette search-state conditions (BUG-GS-02 regression) empty query (length 0) does NOT show empty state","status":"passed","title":"does NOT show empty state","duration":0.21685999999999694,"failureMessages":[],"meta":{}},{"ancestorTitles":["GlobalSearchPalette search-state conditions (BUG-GS-02 regression)","empty query (length 0)"],"fullName":"GlobalSearchPalette search-state conditions (BUG-GS-02 regression) empty query (length 0) does NOT show results","status":"passed","title":"does NOT show results","duration":0.24397200000021257,"failureMessages":[],"meta":{}},{"ancestorTitles":["GlobalSearchPalette search-state conditions (BUG-GS-02 regression)","1-char query"],"fullName":"GlobalSearchPalette search-state conditions (BUG-GS-02 regression) 1-char query shows short-query hint","status":"passed","title":"shows short-query hint","duration":0.15970300000026327,"failureMessages":[],"meta":{}},{"ancestorTitles":["GlobalSearchPalette search-state conditions (BUG-GS-02 regression)","1-char query"],"fullName":"GlobalSearchPalette search-state conditions (BUG-GS-02 regression) 1-char query shows idle state (still < 2)","status":"passed","title":"shows idle state (still < 2)","duration":0.24671200000011595,"failureMessages":[],"meta":{}},{"ancestorTitles":["GlobalSearchPalette search-state conditions (BUG-GS-02 regression)","1-char query"],"fullName":"GlobalSearchPalette search-state conditions (BUG-GS-02 regression) 1-char query does NOT show empty state","status":"passed","title":"does NOT show empty state","duration":0.12182000000029802,"failureMessages":[],"meta":{}},{"ancestorTitles":["GlobalSearchPalette search-state conditions (BUG-GS-02 regression)","1-char query"],"fullName":"GlobalSearchPalette search-state conditions (BUG-GS-02 regression) 1-char query does NOT show results","status":"passed","title":"does NOT show results","duration":0.07567199999994045,"failureMessages":[],"meta":{}},{"ancestorTitles":["GlobalSearchPalette search-state conditions (BUG-GS-02 regression)","2-char query (BUG-GS-02 core boundary)"],"fullName":"GlobalSearchPalette search-state conditions (BUG-GS-02 regression) 2-char query (BUG-GS-02 core boundary) shows short-query hint","status":"passed","title":"shows short-query hint","duration":0.7411799999999857,"failureMessages":[],"meta":{}},{"ancestorTitles":["GlobalSearchPalette search-state conditions (BUG-GS-02 regression)","2-char query (BUG-GS-02 core boundary)"],"fullName":"GlobalSearchPalette search-state conditions (BUG-GS-02 regression) 2-char query (BUG-GS-02 core boundary) does NOT show empty state when results are empty (key regression assertion)","status":"passed","title":"does NOT show empty state when results are empty (key regression assertion)","duration":0.16312199999993027,"failureMessages":[],"meta":{}},{"ancestorTitles":["GlobalSearchPalette search-state conditions (BUG-GS-02 regression)","2-char query (BUG-GS-02 core boundary)"],"fullName":"GlobalSearchPalette search-state conditions (BUG-GS-02 regression) 2-char query (BUG-GS-02 core boundary) does NOT show idle state","status":"passed","title":"does NOT show idle state","duration":1.1474519999997028,"failureMessages":[],"meta":{}},{"ancestorTitles":["GlobalSearchPalette search-state conditions (BUG-GS-02 regression)","2-char query (BUG-GS-02 core boundary)"],"fullName":"GlobalSearchPalette search-state conditions (BUG-GS-02 regression) 2-char query (BUG-GS-02 core boundary) does NOT show results when results are empty","status":"passed","title":"does NOT show results when results are empty","duration":0.149576999999681,"failureMessages":[],"meta":{}},{"ancestorTitles":["GlobalSearchPalette search-state conditions (BUG-GS-02 regression)","2-char query (BUG-GS-02 core boundary)"],"fullName":"GlobalSearchPalette search-state conditions (BUG-GS-02 regression) 2-char query (BUG-GS-02 core boundary) short-query hint and empty state are mutually exclusive at length 2","status":"passed","title":"short-query hint and empty state are mutually exclusive at length 2","duration":0.09508599999981016,"failureMessages":[],"meta":{}},{"ancestorTitles":["GlobalSearchPalette search-state conditions (BUG-GS-02 regression)","3-char query (first real search threshold)"],"fullName":"GlobalSearchPalette search-state conditions (BUG-GS-02 regression) 3-char query (first real search threshold) does NOT show short-query hint","status":"passed","title":"does NOT show short-query hint","duration":0.07173899999997957,"failureMessages":[],"meta":{}},{"ancestorTitles":["GlobalSearchPalette search-state conditions (BUG-GS-02 regression)","3-char query (first real search threshold)"],"fullName":"GlobalSearchPalette search-state conditions (BUG-GS-02 regression) 3-char query (first real search threshold) shows empty state when results are empty","status":"passed","title":"shows empty state when results are empty","duration":0.07144000000016604,"failureMessages":[],"meta":{}},{"ancestorTitles":["GlobalSearchPalette search-state conditions (BUG-GS-02 regression)","3-char query (first real search threshold)"],"fullName":"GlobalSearchPalette search-state conditions (BUG-GS-02 regression) 3-char query (first real search threshold) does NOT show empty state when search is in progress","status":"passed","title":"does NOT show empty state when search is in progress","duration":0.06946100000004662,"failureMessages":[],"meta":{}},{"ancestorTitles":["GlobalSearchPalette search-state conditions (BUG-GS-02 regression)","3-char query (first real search threshold)"],"fullName":"GlobalSearchPalette search-state conditions (BUG-GS-02 regression) 3-char query (first real search threshold) shows results when results are non-empty","status":"passed","title":"shows results when results are non-empty","duration":0.10475499999984095,"failureMessages":[],"meta":{}},{"ancestorTitles":["GlobalSearchPalette search-state conditions (BUG-GS-02 regression)","3-char query (first real search threshold)"],"fullName":"GlobalSearchPalette search-state conditions (BUG-GS-02 regression) 3-char query (first real search threshold) empty state and results are mutually exclusive","status":"passed","title":"empty state and results are mutually exclusive","duration":0.07345200000008845,"failureMessages":[],"meta":{}},{"ancestorTitles":["GlobalSearchPalette search-state conditions (BUG-GS-02 regression)","5+ char query"],"fullName":"GlobalSearchPalette search-state conditions (BUG-GS-02 regression) 5+ char query does NOT show short-query hint","status":"passed","title":"does NOT show short-query hint","duration":0.06551999999965119,"failureMessages":[],"meta":{}},{"ancestorTitles":["GlobalSearchPalette search-state conditions (BUG-GS-02 regression)","5+ char query"],"fullName":"GlobalSearchPalette search-state conditions (BUG-GS-02 regression) 5+ char query shows empty state when results are empty","status":"passed","title":"shows empty state when results are empty","duration":0.052977000000282715,"failureMessages":[],"meta":{}},{"ancestorTitles":["GlobalSearchPalette search-state conditions (BUG-GS-02 regression)","5+ char query"],"fullName":"GlobalSearchPalette search-state conditions (BUG-GS-02 regression) 5+ char query shows results when results are non-empty","status":"passed","title":"shows results when results are non-empty","duration":0.05494700000008379,"failureMessages":[],"meta":{}},{"ancestorTitles":["GlobalSearchPalette search-state conditions (BUG-GS-02 regression)","while a search is in progress (isSearching = true)"],"fullName":"GlobalSearchPalette search-state conditions (BUG-GS-02 regression) while a search is in progress (isSearching = true) does NOT show short-query hint","status":"passed","title":"does NOT show short-query hint","duration":0.06531700000005003,"failureMessages":[],"meta":{}},{"ancestorTitles":["GlobalSearchPalette search-state conditions (BUG-GS-02 regression)","while a search is in progress (isSearching = true)"],"fullName":"GlobalSearchPalette search-state conditions (BUG-GS-02 regression) while a search is in progress (isSearching = true) does NOT show empty state","status":"passed","title":"does NOT show empty state","duration":0.06583799999998519,"failureMessages":[],"meta":{}},{"ancestorTitles":["GlobalSearchPalette search-state conditions (BUG-GS-02 regression)","while a search is in progress (isSearching = true)"],"fullName":"GlobalSearchPalette search-state conditions (BUG-GS-02 regression) while a search is in progress (isSearching = true) does NOT show results","status":"passed","title":"does NOT show results","duration":0.26022799999964263,"failureMessages":[],"meta":{}},{"ancestorTitles":["GlobalSearchPalette search-state conditions (BUG-GS-02 regression)","while a search is in progress (isSearching = true)"],"fullName":"GlobalSearchPalette search-state conditions (BUG-GS-02 regression) while a search is in progress (isSearching = true) does NOT show idle state","status":"passed","title":"does NOT show idle state","duration":0.20269999999982247,"failureMessages":[],"meta":{}},{"ancestorTitles":["GlobalSearchPalette search-state conditions (BUG-GS-02 regression)","mutual exclusivity at every boundary"],"fullName":"GlobalSearchPalette search-state conditions (BUG-GS-02 regression) mutual exclusivity at every boundary at query.length === 0: empty state and short-query hint are never both true","status":"passed","title":"at query.length === 0: empty state and short-query hint are never both true","duration":0.13438300000007075,"failureMessages":[],"meta":{}},{"ancestorTitles":["GlobalSearchPalette search-state conditions (BUG-GS-02 regression)","mutual exclusivity at every boundary"],"fullName":"GlobalSearchPalette search-state conditions (BUG-GS-02 regression) mutual exclusivity at every boundary at query.length === 1: empty state and short-query hint are never both true","status":"passed","title":"at query.length === 1: empty state and short-query hint are never both true","duration":0.057831999999962136,"failureMessages":[],"meta":{}},{"ancestorTitles":["GlobalSearchPalette search-state conditions (BUG-GS-02 regression)","mutual exclusivity at every boundary"],"fullName":"GlobalSearchPalette search-state conditions (BUG-GS-02 regression) mutual exclusivity at every boundary at query.length === 2: empty state and short-query hint are never both true","status":"passed","title":"at query.length === 2: empty state and short-query hint are never both true","duration":0.045103999999810185,"failureMessages":[],"meta":{}},{"ancestorTitles":["GlobalSearchPalette search-state conditions (BUG-GS-02 regression)","mutual exclusivity at every boundary"],"fullName":"GlobalSearchPalette search-state conditions (BUG-GS-02 regression) mutual exclusivity at every boundary at query.length === 3: empty state and short-query hint are never both true","status":"passed","title":"at query.length === 3: empty state and short-query hint are never both true","duration":0.04266400000005888,"failureMessages":[],"meta":{}},{"ancestorTitles":["GlobalSearchPalette search-state conditions (BUG-GS-02 regression)","mutual exclusivity at every boundary"],"fullName":"GlobalSearchPalette search-state conditions (BUG-GS-02 regression) mutual exclusivity at every boundary at query.length === 4: empty state and short-query hint are never both true","status":"passed","title":"at query.length === 4: empty state and short-query hint are never both true","duration":0.05257600000004459,"failureMessages":[],"meta":{}},{"ancestorTitles":["GlobalSearchPalette search-state conditions (BUG-GS-02 regression)","mutual exclusivity at every boundary"],"fullName":"GlobalSearchPalette search-state conditions (BUG-GS-02 regression) mutual exclusivity at every boundary at query.length === 5: empty state and short-query hint are never both true","status":"passed","title":"at query.length === 5: empty state and short-query hint are never both true","duration":0.05884100000002945,"failureMessages":[],"meta":{}},{"ancestorTitles":["GlobalSearchPalette search-state conditions (BUG-GS-02 regression)","mutual exclusivity at every boundary"],"fullName":"GlobalSearchPalette search-state conditions (BUG-GS-02 regression) mutual exclusivity at every boundary at query.length === 10: empty state and short-query hint are never both true","status":"passed","title":"at query.length === 10: empty state and short-query hint are never both true","duration":0.04501699999991615,"failureMessages":[],"meta":{}}],"startTime":1780324992139,"endTime":1780324992148.045,"status":"passed","message":"","name":"/dev-server/src/components/search/__tests__/searchStates.test.ts"}]}